<?xml version="1.0" encoding="UTF-8"?>
<testsuite name="Tests" tests="10" skipped="0" failures="0" errors="0" timestamp="2021-03-29T12:13:39" hostname="DESKTOP-V69H6KJ" time="0.014">
  <properties/>
  <testcase name="testSingleElement" classname="Tests" time="0.004"/>
  <testcase name="testPollEmptyQueueException" classname="Tests" time="0.001"/>
  <testcase name="testClear" classname="Tests" time="0.001"/>
  <testcase name="testPoll" classname="Tests" time="0.001"/>
  <testcase name="testSize" classname="Tests" time="0.001"/>
  <testcase name="testThreeElements" classname="Tests" time="0.0"/>
  <testcase name="testIsNotEmpty" classname="Tests" time="0.0"/>
  <testcase name="testPeekEmptyQueueException" classname="Tests" time="0.001"/>
  <testcase name="testIsEmpty" classname="Tests" time="0.001"/>
  <testcase name="testIterator" classname="Tests" time="0.002"/>
  <system-out><![CDATA[]]></system-out>
  <system-err><![CDATA[]]></system-err>
</testsuite>
